==1132052== Memcheck, a memory error detector
==1132052== Copyright (C) 2002-2022, and GNU GPL'd, by Julian Seward et al.
==1132052== Using Valgrind-3.22.0 and LibVEX; rerun with -h for copyright info
==1132052== Command: ./server
==1132052== Parent PID: 475
==1132052== 
==1132052== 
==1132052== HEAP SUMMARY:
==1132052==     in use at exit: 9,256 bytes in 51 blocks
==1132052==   total heap usage: 25,973 allocs, 25,922 frees, 8,190,231 bytes allocated
==1132052== 
==1132052== 3 bytes in 1 blocks are still reachable in loss record 1 of 42
==1132052==    at 0x484DB80: realloc (in /usr/libexec/valgrind/vgpreload_memcheck-amd64-linux.so)
==1132052==    by 0x4B69270: ??? (in /usr/lib/x86_64-linux-gnu/libcrypto.so.3)
==1132052==    by 0x4B5954F: ??? (in /usr/lib/x86_64-linux-gnu/libcrypto.so.3)
==1132052==    by 0x4B591E6: ??? (in /usr/lib/x86_64-linux-gnu/libcrypto.so.3)
==1132052==    by 0x4B68F96: ??? (in /usr/lib/x86_64-linux-gnu/libcrypto.so.3)
==1132052==    by 0x4B59337: ??? (in /usr/lib/x86_64-linux-gnu/libcrypto.so.3)
==1132052==    by 0x4B596D8: ??? (in /usr/lib/x86_64-linux-gnu/libcrypto.so.3)
==1132052==    by 0x4B07293: ??? (in /usr/lib/x86_64-linux-gnu/libcrypto.so.3)
==1132052==    by 0x4B07CB3: OSSL_ENCODER_do_all_provided (in /usr/lib/x86_64-linux-gnu/libcrypto.so.3)
==1132052==    by 0x4B08679: OSSL_ENCODER_CTX_new_for_pkey (in /usr/lib/x86_64-linux-gnu/libcrypto.so.3)
==1132052==    by 0x4CC68EB: X509_PUBKEY_set (in /usr/lib/x86_64-linux-gnu/libcrypto.so.3)
==1132052==    by 0x127B10: GenerateKeys::generateCertAndPrivateKey(std::__cxx11::basic_string<char, std::char_traits<char>, std::allocator<char> > const&, std::__cxx11::basic_string<char, std::char_traits<char>, std::allocator<char> > const&) (keys.hpp:64)
==1132052== 
==1132052== 8 bytes in 1 blocks are still reachable in loss record 2 of 42
==1132052==    at 0x4846828: malloc (in /usr/libexec/valgrind/vgpreload_memcheck-amd64-linux.so)
==1132052==    by 0x4B5EEE2: CRYPTO_strdup (in /usr/lib/x86_64-linux-gnu/libcrypto.so.3)
==1132052==    by 0x4B68705: ??? (in /usr/lib/x86_64-linux-gnu/libcrypto.so.3)
==1132052==    by 0x4B68CA3: ??? (in /usr/lib/x86_64-linux-gnu/libcrypto.so.3)
==1132052==    by 0x4B68D94: ??? (in /usr/lib/x86_64-linux-gnu/libcrypto.so.3)
==1132052==    by 0x4B59337: ??? (in /usr/lib/x86_64-linux-gnu/libcrypto.so.3)
==1132052==    by 0x4B596D8: ??? (in /usr/lib/x86_64-linux-gnu/libcrypto.so.3)
==1132052==    by 0x4B34804: ??? (in /usr/lib/x86_64-linux-gnu/libcrypto.so.3)
==1132052==    by 0x4B34AE3: ??? (in /usr/lib/x86_64-linux-gnu/libcrypto.so.3)
==1132052==    by 0x4B3E78F: EVP_KEYMGMT_fetch (in /usr/lib/x86_64-linux-gnu/libcrypto.so.3)
==1132052==    by 0x4B4A9FF: ??? (in /usr/lib/x86_64-linux-gnu/libcrypto.so.3)
==1132052==    by 0x1279EB: GenerateKeys::generateCertAndPrivateKey(std::__cxx11::basic_string<char, std::char_traits<char>, std::allocator<char> > const&, std::__cxx11::basic_string<char, std::char_traits<char>, std::allocator<char> > const&) (keys.hpp:36)
==1132052== 
==1132052== 16 bytes in 1 blocks are still reachable in loss record 3 of 42
==1132052==    at 0x4846828: malloc (in /usr/libexec/valgrind/vgpreload_memcheck-amd64-linux.so)
==1132052==    by 0x4B5D7C4: CRYPTO_zalloc (in /usr/lib/x86_64-linux-gnu/libcrypto.so.3)
==1132052==    by 0x4D0EB5B: ??? (in /usr/lib/x86_64-linux-gnu/libcrypto.so.3)
==1132052==    by 0x4B39A15: EVP_RAND_CTX_new (in /usr/lib/x86_64-linux-gnu/libcrypto.so.3)
==1132052==    by 0x4C4437D: RAND_get0_primary (in /usr/lib/x86_64-linux-gnu/libcrypto.so.3)
==1132052==    by 0x4C449FF: RAND_get0_private (in /usr/lib/x86_64-linux-gnu/libcrypto.so.3)
==1132052==    by 0x4C5ABA8: ??? (in /usr/lib/x86_64-linux-gnu/libcrypto.so.3)
==1132052==    by 0x4D07CBC: ??? (in /usr/lib/x86_64-linux-gnu/libcrypto.so.3)
==1132052==    by 0x4B3DE27: ??? (in /usr/lib/x86_64-linux-gnu/libcrypto.so.3)
==1132052==    by 0x4B495F9: EVP_PKEY_generate (in /usr/lib/x86_64-linux-gnu/libcrypto.so.3)
==1132052==    by 0x127A42: GenerateKeys::generateCertAndPrivateKey(std::__cxx11::basic_string<char, std::char_traits<char>, std::allocator<char> > const&, std::__cxx11::basic_string<char, std::char_traits<char>, std::allocator<char> > const&) (keys.hpp:45)
==1132052==    by 0x11F9FE: main (server.cpp:67)
==1132052== 
==1132052== 18 bytes in 2 blocks are still reachable in loss record 4 of 42
==1132052==    at 0x4846828: malloc (in /usr/libexec/valgrind/vgpreload_memcheck-amd64-linux.so)
==1132052==    by 0x4B5F043: CRYPTO_strndup (in /usr/lib/x86_64-linux-gnu/libcrypto.so.3)
==1132052==    by 0x4B59381: ??? (in /usr/lib/x86_64-linux-gnu/libcrypto.so.3)
==1132052==    by 0x4B39240: ??? (in /usr/lib/x86_64-linux-gnu/libcrypto.so.3)
==1132052==    by 0x4B33F4B: ??? (in /usr/lib/x86_64-linux-gnu/libcrypto.so.3)
==1132052==    by 0x4B594A8: ??? (in /usr/lib/x86_64-linux-gnu/libcrypto.so.3)
==1132052==    by 0x4B591BF: ??? (in /usr/lib/x86_64-linux-gnu/libcrypto.so.3)
==1132052==    by 0x4B68F96: ??? (in /usr/lib/x86_64-linux-gnu/libcrypto.so.3)
==1132052==    by 0x4B59337: ??? (in /usr/lib/x86_64-linux-gnu/libcrypto.so.3)
==1132052==    by 0x4B596D8: ??? (in /usr/lib/x86_64-linux-gnu/libcrypto.so.3)
==1132052==    by 0x4B346DC: ??? (in /usr/lib/x86_64-linux-gnu/libcrypto.so.3)
==1132052==    by 0x4B34AE3: ??? (in /usr/lib/x86_64-linux-gnu/libcrypto.so.3)
==1132052== 
==1132052== 19 bytes in 1 blocks are still reachable in loss record 5 of 42
==1132052==    at 0x4846828: malloc (in /usr/libexec/valgrind/vgpreload_memcheck-amd64-linux.so)
==1132052==    by 0x4B5EEE2: CRYPTO_strdup (in /usr/lib/x86_64-linux-gnu/libcrypto.so.3)
==1132052==    by 0x4A29145: BIO_meth_new (in /usr/lib/x86_64-linux-gnu/libcrypto.so.3)
==1132052==    by 0x4CC9F3D: ??? (in /usr/lib/x86_64-linux-gnu/libcrypto.so.3)
==1132052==    by 0x4CC97F6: ??? (in /usr/lib/x86_64-linux-gnu/libcrypto.so.3)
==1132052==    by 0x4B66C91: ??? (in /usr/lib/x86_64-linux-gnu/libcrypto.so.3)
==1132052==    by 0x4B68CCB: ??? (in /usr/lib/x86_64-linux-gnu/libcrypto.so.3)
==1132052==    by 0x4B68D94: ??? (in /usr/lib/x86_64-linux-gnu/libcrypto.so.3)
==1132052==    by 0x4B59337: ??? (in /usr/lib/x86_64-linux-gnu/libcrypto.so.3)
==1132052==    by 0x4B596D8: ??? (in /usr/lib/x86_64-linux-gnu/libcrypto.so.3)
==1132052==    by 0x4B34804: ??? (in /usr/lib/x86_64-linux-gnu/libcrypto.so.3)
==1132052==    by 0x4B34AE3: ??? (in /usr/lib/x86_64-linux-gnu/libcrypto.so.3)
==1132052== 
==1132052== 24 bytes in 1 blocks are still reachable in loss record 6 of 42
==1132052==    at 0x4846828: malloc (in /usr/libexec/valgrind/vgpreload_memcheck-amd64-linux.so)
==1132052==    by 0x4B5D7C4: CRYPTO_zalloc (in /usr/lib/x86_64-linux-gnu/libcrypto.so.3)
==1132052==    by 0x4CC97E8: ??? (in /usr/lib/x86_64-linux-gnu/libcrypto.so.3)
==1132052==    by 0x4B66C91: ??? (in /usr/lib/x86_64-linux-gnu/libcrypto.so.3)
==1132052==    by 0x4B68CCB: ??? (in /usr/lib/x86_64-linux-gnu/libcrypto.so.3)
==1132052==    by 0x4B68D94: ??? (in /usr/lib/x86_64-linux-gnu/libcrypto.so.3)
==1132052==    by 0x4B59337: ??? (in /usr/lib/x86_64-linux-gnu/libcrypto.so.3)
==1132052==    by 0x4B596D8: ??? (in /usr/lib/x86_64-linux-gnu/libcrypto.so.3)
==1132052==    by 0x4B34804: ??? (in /usr/lib/x86_64-linux-gnu/libcrypto.so.3)
==1132052==    by 0x4B34AE3: ??? (in /usr/lib/x86_64-linux-gnu/libcrypto.so.3)
==1132052==    by 0x4B3E78F: EVP_KEYMGMT_fetch (in /usr/lib/x86_64-linux-gnu/libcrypto.so.3)
==1132052==    by 0x4B4A9FF: ??? (in /usr/lib/x86_64-linux-gnu/libcrypto.so.3)
==1132052== 
==1132052== 24 bytes in 2 blocks are still reachable in loss record 7 of 42
==1132052==    at 0x4846828: malloc (in /usr/libexec/valgrind/vgpreload_memcheck-amd64-linux.so)
==1132052==    by 0x4B5F043: CRYPTO_strndup (in /usr/lib/x86_64-linux-gnu/libcrypto.so.3)
==1132052==    by 0x4B59381: ??? (in /usr/lib/x86_64-linux-gnu/libcrypto.so.3)
==1132052==    by 0x4B339BC: ??? (in /usr/lib/x86_64-linux-gnu/libcrypto.so.3)
==1132052==    by 0x4B33F4B: ??? (in /usr/lib/x86_64-linux-gnu/libcrypto.so.3)
==1132052==    by 0x4B594A8: ??? (in /usr/lib/x86_64-linux-gnu/libcrypto.so.3)
==1132052==    by 0x4B591BF: ??? (in /usr/lib/x86_64-linux-gnu/libcrypto.so.3)
==1132052==    by 0x4B68F96: ??? (in /usr/lib/x86_64-linux-gnu/libcrypto.so.3)
==1132052==    by 0x4B59337: ??? (in /usr/lib/x86_64-linux-gnu/libcrypto.so.3)
==1132052==    by 0x4B596D8: ??? (in /usr/lib/x86_64-linux-gnu/libcrypto.so.3)
==1132052==    by 0x4B346DC: ??? (in /usr/lib/x86_64-linux-gnu/libcrypto.so.3)
==1132052==    by 0x4B34AE3: ??? (in /usr/lib/x86_64-linux-gnu/libcrypto.so.3)
==1132052== 
==1132052== 32 bytes in 1 blocks are still reachable in loss record 8 of 42
==1132052==    at 0x4846828: malloc (in /usr/libexec/valgrind/vgpreload_memcheck-amd64-linux.so)
==1132052==    by 0x4C873B4: OPENSSL_sk_deep_copy (in /usr/lib/x86_64-linux-gnu/libcrypto.so.3)
==1132052==    by 0x4B68724: ??? (in /usr/lib/x86_64-linux-gnu/libcrypto.so.3)
==1132052==    by 0x4B68CA3: ??? (in /usr/lib/x86_64-linux-gnu/libcrypto.so.3)
==1132052==    by 0x4B68D94: ??? (in /usr/lib/x86_64-linux-gnu/libcrypto.so.3)
==1132052==    by 0x4B59337: ??? (in /usr/lib/x86_64-linux-gnu/libcrypto.so.3)
==1132052==    by 0x4B596D8: ??? (in /usr/lib/x86_64-linux-gnu/libcrypto.so.3)
==1132052==    by 0x4B34804: ??? (in /usr/lib/x86_64-linux-gnu/libcrypto.so.3)
==1132052==    by 0x4B34AE3: ??? (in /usr/lib/x86_64-linux-gnu/libcrypto.so.3)
==1132052==    by 0x4B3E78F: EVP_KEYMGMT_fetch (in /usr/lib/x86_64-linux-gnu/libcrypto.so.3)
==1132052==    by 0x4B4A9FF: ??? (in /usr/lib/x86_64-linux-gnu/libcrypto.so.3)
==1132052==    by 0x1279EB: GenerateKeys::generateCertAndPrivateKey(std::__cxx11::basic_string<char, std::char_traits<char>, std::allocator<char> > const&, std::__cxx11::basic_string<char, std::char_traits<char>, std::allocator<char> > const&) (keys.hpp:36)
==1132052== 
==1132052== 40 bytes in 1 blocks are still reachable in loss record 9 of 42
==1132052==    at 0x4846828: malloc (in /usr/libexec/valgrind/vgpreload_memcheck-amd64-linux.so)
==1132052==    by 0x4B5D7C4: CRYPTO_zalloc (in /usr/lib/x86_64-linux-gnu/libcrypto.so.3)
==1132052==    by 0x4B399BC: EVP_RAND_CTX_new (in /usr/lib/x86_64-linux-gnu/libcrypto.so.3)
==1132052==    by 0x4C4437D: RAND_get0_primary (in /usr/lib/x86_64-linux-gnu/libcrypto.so.3)
==1132052==    by 0x4C449FF: RAND_get0_private (in /usr/lib/x86_64-linux-gnu/libcrypto.so.3)
==1132052==    by 0x4C5ABA8: ??? (in /usr/lib/x86_64-linux-gnu/libcrypto.so.3)
==1132052==    by 0x4D07CBC: ??? (in /usr/lib/x86_64-linux-gnu/libcrypto.so.3)
==1132052==    by 0x4B3DE27: ??? (in /usr/lib/x86_64-linux-gnu/libcrypto.so.3)
==1132052==    by 0x4B495F9: EVP_PKEY_generate (in /usr/lib/x86_64-linux-gnu/libcrypto.so.3)
==1132052==    by 0x127A42: GenerateKeys::generateCertAndPrivateKey(std::__cxx11::basic_string<char, std::char_traits<char>, std::allocator<char> > const&, std::__cxx11::basic_string<char, std::char_traits<char>, std::allocator<char> > const&) (keys.hpp:45)
==1132052==    by 0x11F9FE: main (server.cpp:67)
==1132052== 
==1132052== 40 bytes in 1 blocks are still reachable in loss record 10 of 42
==1132052==    at 0x4846828: malloc (in /usr/libexec/valgrind/vgpreload_memcheck-amd64-linux.so)
==1132052==    by 0x4B5D7C4: CRYPTO_zalloc (in /usr/lib/x86_64-linux-gnu/libcrypto.so.3)
==1132052==    by 0x4B399BC: EVP_RAND_CTX_new (in /usr/lib/x86_64-linux-gnu/libcrypto.so.3)
==1132052==    by 0x4C436E6: ??? (in /usr/lib/x86_64-linux-gnu/libcrypto.so.3)
==1132052==    by 0x4C442AB: RAND_get0_primary (in /usr/lib/x86_64-linux-gnu/libcrypto.so.3)
==1132052==    by 0x4C449FF: RAND_get0_private (in /usr/lib/x86_64-linux-gnu/libcrypto.so.3)
==1132052==    by 0x4C5ABA8: ??? (in /usr/lib/x86_64-linux-gnu/libcrypto.so.3)
==1132052==    by 0x4D07CBC: ??? (in /usr/lib/x86_64-linux-gnu/libcrypto.so.3)
==1132052==    by 0x4B3DE27: ??? (in /usr/lib/x86_64-linux-gnu/libcrypto.so.3)
==1132052==    by 0x4B495F9: EVP_PKEY_generate (in /usr/lib/x86_64-linux-gnu/libcrypto.so.3)
==1132052==    by 0x127A42: GenerateKeys::generateCertAndPrivateKey(std::__cxx11::basic_string<char, std::char_traits<char>, std::allocator<char> > const&, std::__cxx11::basic_string<char, std::char_traits<char>, std::allocator<char> > const&) (keys.hpp:45)
==1132052==    by 0x11F9FE: main (server.cpp:67)
==1132052== 
==1132052== 40 bytes in 1 blocks are still reachable in loss record 11 of 42
==1132052==    at 0x4846828: malloc (in /usr/libexec/valgrind/vgpreload_memcheck-amd64-linux.so)
==1132052==    by 0x4B5D7C4: CRYPTO_zalloc (in /usr/lib/x86_64-linux-gnu/libcrypto.so.3)
==1132052==    by 0x4B399BC: EVP_RAND_CTX_new (in /usr/lib/x86_64-linux-gnu/libcrypto.so.3)
==1132052==    by 0x4C436E6: ??? (in /usr/lib/x86_64-linux-gnu/libcrypto.so.3)
==1132052==    by 0x4C44805: RAND_get0_public (in /usr/lib/x86_64-linux-gnu/libcrypto.so.3)
==1132052==    by 0x4C44897: RAND_bytes_ex (in /usr/lib/x86_64-linux-gnu/libcrypto.so.3)
==1132052==    by 0x4C5512A: ??? (in /usr/lib/x86_64-linux-gnu/libcrypto.so.3)
==1132052==    by 0x4C53627: ??? (in /usr/lib/x86_64-linux-gnu/libcrypto.so.3)
==1132052==    by 0x4CCBDD4: ??? (in /usr/lib/x86_64-linux-gnu/libcrypto.so.3)
==1132052==    by 0x11EA29: Encrypt::encryptDataRSA(evp_pkey_st*, std::__cxx11::basic_string<char, std::char_traits<char>, std::allocator<char> > const&) (encryption.hpp:138)
==1132052==    by 0x12CBD5: Send::Server::broadcastClientJoinOrExitMessage(ssl_st*, std::__cxx11::basic_string<char, std::char_traits<char>, std::allocator<char> > const&, std::map<std::__cxx11::basic_string<char, std::char_traits<char>, std::allocator<char> >, std::__cxx11::basic_string<char, std::char_traits<char>, std::allocator<char> >, std::less<std::__cxx11::basic_string<char, std::char_traits<char>, std::allocator<char> > >, std::allocator<std::pair<std::__cxx11::basic_string<char, std::char_traits<char>, std::allocator<char> > const, std::__cxx11::basic_string<char, std::char_traits<char>, std::allocator<char> > > > >&, std::vector<ssl_st*, std::allocator<ssl_st*> >&, std::__cxx11::basic_string<char, std::char_traits<char>, std::allocator<char> > const&, bool) (send_receive.hpp:81)
==1132052==    by 0x11F469: handleClient(ssl_st*, int&) (server.cpp:36)
==1132052== 
==1132052== 56 bytes in 1 blocks are still reachable in loss record 12 of 42
==1132052==    at 0x4846828: malloc (in /usr/libexec/valgrind/vgpreload_memcheck-amd64-linux.so)
==1132052==    by 0x4B5D7C4: CRYPTO_zalloc (in /usr/lib/x86_64-linux-gnu/libcrypto.so.3)
==1132052==    by 0x4B6A5A3: CRYPTO_THREAD_lock_new (in /usr/lib/x86_64-linux-gnu/libcrypto.so.3)
==1132052==    by 0x4B686DB: ??? (in /usr/lib/x86_64-linux-gnu/libcrypto.so.3)
==1132052==    by 0x4B68CA3: ??? (in /usr/lib/x86_64-linux-gnu/libcrypto.so.3)
==1132052==    by 0x4B68D94: ??? (in /usr/lib/x86_64-linux-gnu/libcrypto.so.3)
==1132052==    by 0x4B59337: ??? (in /usr/lib/x86_64-linux-gnu/libcrypto.so.3)
==1132052==    by 0x4B596D8: ??? (in /usr/lib/x86_64-linux-gnu/libcrypto.so.3)
==1132052==    by 0x4B34804: ??? (in /usr/lib/x86_64-linux-gnu/libcrypto.so.3)
==1132052==    by 0x4B34AE3: ??? (in /usr/lib/x86_64-linux-gnu/libcrypto.so.3)
==1132052==    by 0x4B3E78F: EVP_KEYMGMT_fetch (in /usr/lib/x86_64-linux-gnu/libcrypto.so.3)
==1132052==    by 0x4B4A9FF: ??? (in /usr/lib/x86_64-linux-gnu/libcrypto.so.3)
==1132052== 
==1132052== 56 bytes in 1 blocks are still reachable in loss record 13 of 42
==1132052==    at 0x4846828: malloc (in /usr/libexec/valgrind/vgpreload_memcheck-amd64-linux.so)
==1132052==    by 0x4B5D7C4: CRYPTO_zalloc (in /usr/lib/x86_64-linux-gnu/libcrypto.so.3)
==1132052==    by 0x4B6A5A3: CRYPTO_THREAD_lock_new (in /usr/lib/x86_64-linux-gnu/libcrypto.so.3)
==1132052==    by 0x4B686EC: ??? (in /usr/lib/x86_64-linux-gnu/libcrypto.so.3)
==1132052==    by 0x4B68CA3: ??? (in /usr/lib/x86_64-linux-gnu/libcrypto.so.3)
==1132052==    by 0x4B68D94: ??? (in /usr/lib/x86_64-linux-gnu/libcrypto.so.3)
==1132052==    by 0x4B59337: ??? (in /usr/lib/x86_64-linux-gnu/libcrypto.so.3)
==1132052==    by 0x4B596D8: ??? (in /usr/lib/x86_64-linux-gnu/libcrypto.so.3)
==1132052==    by 0x4B34804: ??? (in /usr/lib/x86_64-linux-gnu/libcrypto.so.3)
==1132052==    by 0x4B34AE3: ??? (in /usr/lib/x86_64-linux-gnu/libcrypto.so.3)
==1132052==    by 0x4B3E78F: EVP_KEYMGMT_fetch (in /usr/lib/x86_64-linux-gnu/libcrypto.so.3)
==1132052==    by 0x4B4A9FF: ??? (in /usr/lib/x86_64-linux-gnu/libcrypto.so.3)
==1132052== 
==1132052== 56 bytes in 1 blocks are still reachable in loss record 14 of 42
==1132052==    at 0x4846828: malloc (in /usr/libexec/valgrind/vgpreload_memcheck-amd64-linux.so)
==1132052==    by 0x4B5D7C4: CRYPTO_zalloc (in /usr/lib/x86_64-linux-gnu/libcrypto.so.3)
==1132052==    by 0x4B6A5A3: CRYPTO_THREAD_lock_new (in /usr/lib/x86_64-linux-gnu/libcrypto.so.3)
==1132052==    by 0x4B399CD: EVP_RAND_CTX_new (in /usr/lib/x86_64-linux-gnu/libcrypto.so.3)
==1132052==    by 0x4C4437D: RAND_get0_primary (in /usr/lib/x86_64-linux-gnu/libcrypto.so.3)
==1132052==    by 0x4C449FF: RAND_get0_private (in /usr/lib/x86_64-linux-gnu/libcrypto.so.3)
==1132052==    by 0x4C5ABA8: ??? (in /usr/lib/x86_64-linux-gnu/libcrypto.so.3)
==1132052==    by 0x4D07CBC: ??? (in /usr/lib/x86_64-linux-gnu/libcrypto.so.3)
==1132052==    by 0x4B3DE27: ??? (in /usr/lib/x86_64-linux-gnu/libcrypto.so.3)
==1132052==    by 0x4B495F9: EVP_PKEY_generate (in /usr/lib/x86_64-linux-gnu/libcrypto.so.3)
==1132052==    by 0x127A42: GenerateKeys::generateCertAndPrivateKey(std::__cxx11::basic_string<char, std::char_traits<char>, std::allocator<char> > const&, std::__cxx11::basic_string<char, std::char_traits<char>, std::allocator<char> > const&) (keys.hpp:45)
==1132052==    by 0x11F9FE: main (server.cpp:67)
==1132052== 
==1132052== 56 bytes in 1 blocks are still reachable in loss record 15 of 42
==1132052==    at 0x4846828: malloc (in /usr/libexec/valgrind/vgpreload_memcheck-amd64-linux.so)
==1132052==    by 0x4B5D7C4: CRYPTO_zalloc (in /usr/lib/x86_64-linux-gnu/libcrypto.so.3)
==1132052==    by 0x4B6A5A3: CRYPTO_THREAD_lock_new (in /usr/lib/x86_64-linux-gnu/libcrypto.so.3)
==1132052==    by 0x4B399CD: EVP_RAND_CTX_new (in /usr/lib/x86_64-linux-gnu/libcrypto.so.3)
==1132052==    by 0x4C436E6: ??? (in /usr/lib/x86_64-linux-gnu/libcrypto.so.3)
==1132052==    by 0x4C442AB: RAND_get0_primary (in /usr/lib/x86_64-linux-gnu/libcrypto.so.3)
==1132052==    by 0x4C449FF: RAND_get0_private (in /usr/lib/x86_64-linux-gnu/libcrypto.so.3)
==1132052==    by 0x4C5ABA8: ??? (in /usr/lib/x86_64-linux-gnu/libcrypto.so.3)
==1132052==    by 0x4D07CBC: ??? (in /usr/lib/x86_64-linux-gnu/libcrypto.so.3)
==1132052==    by 0x4B3DE27: ??? (in /usr/lib/x86_64-linux-gnu/libcrypto.so.3)
==1132052==    by 0x4B495F9: EVP_PKEY_generate (in /usr/lib/x86_64-linux-gnu/libcrypto.so.3)
==1132052==    by 0x127A42: GenerateKeys::generateCertAndPrivateKey(std::__cxx11::basic_string<char, std::char_traits<char>, std::allocator<char> > const&, std::__cxx11::basic_string<char, std::char_traits<char>, std::allocator<char> > const&) (keys.hpp:45)
==1132052== 
==1132052== 56 bytes in 1 blocks are still reachable in loss record 16 of 42
==1132052==    at 0x4846828: malloc (in /usr/libexec/valgrind/vgpreload_memcheck-amd64-linux.so)
==1132052==    by 0x4B5D7C4: CRYPTO_zalloc (in /usr/lib/x86_64-linux-gnu/libcrypto.so.3)
==1132052==    by 0x4B6A5A3: CRYPTO_THREAD_lock_new (in /usr/lib/x86_64-linux-gnu/libcrypto.so.3)
==1132052==    by 0x4D1A087: ??? (in /usr/lib/x86_64-linux-gnu/libcrypto.so.3)
==1132052==    by 0x4C442BF: RAND_get0_primary (in /usr/lib/x86_64-linux-gnu/libcrypto.so.3)
==1132052==    by 0x4C449FF: RAND_get0_private (in /usr/lib/x86_64-linux-gnu/libcrypto.so.3)
==1132052==    by 0x4C5ABA8: ??? (in /usr/lib/x86_64-linux-gnu/libcrypto.so.3)
==1132052==    by 0x4D07CBC: ??? (in /usr/lib/x86_64-linux-gnu/libcrypto.so.3)
==1132052==    by 0x4B3DE27: ??? (in /usr/lib/x86_64-linux-gnu/libcrypto.so.3)
==1132052==    by 0x4B495F9: EVP_PKEY_generate (in /usr/lib/x86_64-linux-gnu/libcrypto.so.3)
==1132052==    by 0x127A42: GenerateKeys::generateCertAndPrivateKey(std::__cxx11::basic_string<char, std::char_traits<char>, std::allocator<char> > const&, std::__cxx11::basic_string<char, std::char_traits<char>, std::allocator<char> > const&) (keys.hpp:45)
==1132052==    by 0x11F9FE: main (server.cpp:67)
==1132052== 
==1132052== 56 bytes in 1 blocks are still reachable in loss record 17 of 42
==1132052==    at 0x4846828: malloc (in /usr/libexec/valgrind/vgpreload_memcheck-amd64-linux.so)
==1132052==    by 0x4B5D7C4: CRYPTO_zalloc (in /usr/lib/x86_64-linux-gnu/libcrypto.so.3)
==1132052==    by 0x4B6A5A3: CRYPTO_THREAD_lock_new (in /usr/lib/x86_64-linux-gnu/libcrypto.so.3)
==1132052==    by 0x4B399CD: EVP_RAND_CTX_new (in /usr/lib/x86_64-linux-gnu/libcrypto.so.3)
==1132052==    by 0x4C436E6: ??? (in /usr/lib/x86_64-linux-gnu/libcrypto.so.3)
==1132052==    by 0x4C44805: RAND_get0_public (in /usr/lib/x86_64-linux-gnu/libcrypto.so.3)
==1132052==    by 0x4C44897: RAND_bytes_ex (in /usr/lib/x86_64-linux-gnu/libcrypto.so.3)
==1132052==    by 0x4C5512A: ??? (in /usr/lib/x86_64-linux-gnu/libcrypto.so.3)
==1132052==    by 0x4C53627: ??? (in /usr/lib/x86_64-linux-gnu/libcrypto.so.3)
==1132052==    by 0x4CCBDD4: ??? (in /usr/lib/x86_64-linux-gnu/libcrypto.so.3)
==1132052==    by 0x11EA29: Encrypt::encryptDataRSA(evp_pkey_st*, std::__cxx11::basic_string<char, std::char_traits<char>, std::allocator<char> > const&) (encryption.hpp:138)
==1132052==    by 0x12CBD5: Send::Server::broadcastClientJoinOrExitMessage(ssl_st*, std::__cxx11::basic_string<char, std::char_traits<char>, std::allocator<char> > const&, std::map<std::__cxx11::basic_string<char, std::char_traits<char>, std::allocator<char> >, std::__cxx11::basic_string<char, std::char_traits<char>, std::allocator<char> >, std::less<std::__cxx11::basic_string<char, std::char_traits<char>, std::allocator<char> > >, std::allocator<std::pair<std::__cxx11::basic_string<char, std::char_traits<char>, std::allocator<char> > const, std::__cxx11::basic_string<char, std::char_traits<char>, std::allocator<char> > > > >&, std::vector<ssl_st*, std::allocator<ssl_st*> >&, std::__cxx11::basic_string<char, std::char_traits<char>, std::allocator<char> > const&, bool) (send_receive.hpp:81)
==1132052== 
==1132052== 64 bytes in 2 blocks are still reachable in loss record 18 of 42
==1132052==    at 0x4846FA3: operator new(unsigned long) (in /usr/libexec/valgrind/vgpreload_memcheck-amd64-linux.so)
==1132052==    by 0x131E71: std::thread::thread<void (&)(ssl_st*, int&), ssl_st*&, std::reference_wrapper<int>, void>(void (&)(ssl_st*, int&), ssl_st*&, std::reference_wrapper<int>&&) (std_thread.h:164)
==1132052==    by 0x11FB44: main (server.cpp:99)
==1132052== 
==1132052== 96 bytes in 1 blocks are still reachable in loss record 19 of 42
==1132052==    at 0x4846828: malloc (in /usr/libexec/valgrind/vgpreload_memcheck-amd64-linux.so)
==1132052==    by 0x4B5D7C4: CRYPTO_zalloc (in /usr/lib/x86_64-linux-gnu/libcrypto.so.3)
==1132052==    by 0x4A2912D: BIO_meth_new (in /usr/lib/x86_64-linux-gnu/libcrypto.so.3)
==1132052==    by 0x4CC9F3D: ??? (in /usr/lib/x86_64-linux-gnu/libcrypto.so.3)
==1132052==    by 0x4CC97F6: ??? (in /usr/lib/x86_64-linux-gnu/libcrypto.so.3)
==1132052==    by 0x4B66C91: ??? (in /usr/lib/x86_64-linux-gnu/libcrypto.so.3)
==1132052==    by 0x4B68CCB: ??? (in /usr/lib/x86_64-linux-gnu/libcrypto.so.3)
==1132052==    by 0x4B68D94: ??? (in /usr/lib/x86_64-linux-gnu/libcrypto.so.3)
==1132052==    by 0x4B59337: ??? (in /usr/lib/x86_64-linux-gnu/libcrypto.so.3)
==1132052==    by 0x4B596D8: ??? (in /usr/lib/x86_64-linux-gnu/libcrypto.so.3)
==1132052==    by 0x4B34804: ??? (in /usr/lib/x86_64-linux-gnu/libcrypto.so.3)
==1132052==    by 0x4B34AE3: ??? (in /usr/lib/x86_64-linux-gnu/libcrypto.so.3)
==1132052== 
==1132052== 112 bytes in 2 blocks are still reachable in loss record 20 of 42
==1132052==    at 0x4846828: malloc (in /usr/libexec/valgrind/vgpreload_memcheck-amd64-linux.so)
==1132052==    by 0x4B5D7C4: CRYPTO_zalloc (in /usr/lib/x86_64-linux-gnu/libcrypto.so.3)
==1132052==    by 0x4B6A5A3: CRYPTO_THREAD_lock_new (in /usr/lib/x86_64-linux-gnu/libcrypto.so.3)
==1132052==    by 0x4B3921B: ??? (in /usr/lib/x86_64-linux-gnu/libcrypto.so.3)
==1132052==    by 0x4B33F4B: ??? (in /usr/lib/x86_64-linux-gnu/libcrypto.so.3)
==1132052==    by 0x4B594A8: ??? (in /usr/lib/x86_64-linux-gnu/libcrypto.so.3)
==1132052==    by 0x4B591BF: ??? (in /usr/lib/x86_64-linux-gnu/libcrypto.so.3)
==1132052==    by 0x4B68F96: ??? (in /usr/lib/x86_64-linux-gnu/libcrypto.so.3)
==1132052==    by 0x4B59337: ??? (in /usr/lib/x86_64-linux-gnu/libcrypto.so.3)
==1132052==    by 0x4B596D8: ??? (in /usr/lib/x86_64-linux-gnu/libcrypto.so.3)
==1132052==    by 0x4B346DC: ??? (in /usr/lib/x86_64-linux-gnu/libcrypto.so.3)
==1132052==    by 0x4B34AE3: ??? (in /usr/lib/x86_64-linux-gnu/libcrypto.so.3)
==1132052== 
==1132052== 112 bytes in 2 blocks are still reachable in loss record 21 of 42
==1132052==    at 0x4846828: malloc (in /usr/libexec/valgrind/vgpreload_memcheck-amd64-linux.so)
==1132052==    by 0x4B5D7C4: CRYPTO_zalloc (in /usr/lib/x86_64-linux-gnu/libcrypto.so.3)
==1132052==    by 0x4B6A5A3: CRYPTO_THREAD_lock_new (in /usr/lib/x86_64-linux-gnu/libcrypto.so.3)
==1132052==    by 0x4B32510: ??? (in /usr/lib/x86_64-linux-gnu/libcrypto.so.3)
==1132052==    by 0x4B33976: ??? (in /usr/lib/x86_64-linux-gnu/libcrypto.so.3)
==1132052==    by 0x4B33F4B: ??? (in /usr/lib/x86_64-linux-gnu/libcrypto.so.3)
==1132052==    by 0x4B594A8: ??? (in /usr/lib/x86_64-linux-gnu/libcrypto.so.3)
==1132052==    by 0x4B591BF: ??? (in /usr/lib/x86_64-linux-gnu/libcrypto.so.3)
==1132052==    by 0x4B68F96: ??? (in /usr/lib/x86_64-linux-gnu/libcrypto.so.3)
==1132052==    by 0x4B59337: ??? (in /usr/lib/x86_64-linux-gnu/libcrypto.so.3)
==1132052==    by 0x4B596D8: ??? (in /usr/lib/x86_64-linux-gnu/libcrypto.so.3)
==1132052==    by 0x4B346DC: ??? (in /usr/lib/x86_64-linux-gnu/libcrypto.so.3)
==1132052== 
==1132052== 176 bytes in 1 blocks are still reachable in loss record 22 of 42
==1132052==    at 0x4846828: malloc (in /usr/libexec/valgrind/vgpreload_memcheck-amd64-linux.so)
==1132052==    by 0x4B5D7C4: CRYPTO_zalloc (in /usr/lib/x86_64-linux-gnu/libcrypto.so.3)
==1132052==    by 0x4D0C486: ??? (in /usr/lib/x86_64-linux-gnu/libcrypto.so.3)
==1132052==    by 0x4D1A36C: ??? (in /usr/lib/x86_64-linux-gnu/libcrypto.so.3)
==1132052==    by 0x4D0BD11: ??? (in /usr/lib/x86_64-linux-gnu/libcrypto.so.3)
==1132052==    by 0x4B39A15: EVP_RAND_CTX_new (in /usr/lib/x86_64-linux-gnu/libcrypto.so.3)
==1132052==    by 0x4C436E6: ??? (in /usr/lib/x86_64-linux-gnu/libcrypto.so.3)
==1132052==    by 0x4C442AB: RAND_get0_primary (in /usr/lib/x86_64-linux-gnu/libcrypto.so.3)
==1132052==    by 0x4C449FF: RAND_get0_private (in /usr/lib/x86_64-linux-gnu/libcrypto.so.3)
==1132052==    by 0x4C5ABA8: ??? (in /usr/lib/x86_64-linux-gnu/libcrypto.so.3)
==1132052==    by 0x4D07CBC: ??? (in /usr/lib/x86_64-linux-gnu/libcrypto.so.3)
==1132052==    by 0x4B3DE27: ??? (in /usr/lib/x86_64-linux-gnu/libcrypto.so.3)
==1132052== 
==1132052== 176 bytes in 1 blocks are still reachable in loss record 23 of 42
==1132052==    at 0x4846828: malloc (in /usr/libexec/valgrind/vgpreload_memcheck-amd64-linux.so)
==1132052==    by 0x4B5D7C4: CRYPTO_zalloc (in /usr/lib/x86_64-linux-gnu/libcrypto.so.3)
==1132052==    by 0x4D0C486: ??? (in /usr/lib/x86_64-linux-gnu/libcrypto.so.3)
==1132052==    by 0x4D1A36C: ??? (in /usr/lib/x86_64-linux-gnu/libcrypto.so.3)
==1132052==    by 0x4D0BD11: ??? (in /usr/lib/x86_64-linux-gnu/libcrypto.so.3)
==1132052==    by 0x4B39A15: EVP_RAND_CTX_new (in /usr/lib/x86_64-linux-gnu/libcrypto.so.3)
==1132052==    by 0x4C436E6: ??? (in /usr/lib/x86_64-linux-gnu/libcrypto.so.3)
==1132052==    by 0x4C44805: RAND_get0_public (in /usr/lib/x86_64-linux-gnu/libcrypto.so.3)
==1132052==    by 0x4C44897: RAND_bytes_ex (in /usr/lib/x86_64-linux-gnu/libcrypto.so.3)
==1132052==    by 0x4C5512A: ??? (in /usr/lib/x86_64-linux-gnu/libcrypto.so.3)
==1132052==    by 0x4C53627: ??? (in /usr/lib/x86_64-linux-gnu/libcrypto.so.3)
==1132052==    by 0x4CCBDD4: ??? (in /usr/lib/x86_64-linux-gnu/libcrypto.so.3)
==1132052== 
==1132052== 184 bytes in 1 blocks are still reachable in loss record 24 of 42
==1132052==    at 0x4846828: malloc (in /usr/libexec/valgrind/vgpreload_memcheck-amd64-linux.so)
==1132052==    by 0x4B5D7C4: CRYPTO_zalloc (in /usr/lib/x86_64-linux-gnu/libcrypto.so.3)
==1132052==    by 0x4D0C1F4: ??? (in /usr/lib/x86_64-linux-gnu/libcrypto.so.3)
==1132052==    by 0x4D0C3AA: ??? (in /usr/lib/x86_64-linux-gnu/libcrypto.so.3)
==1132052==    by 0x4B39EDC: EVP_RAND_instantiate (in /usr/lib/x86_64-linux-gnu/libcrypto.so.3)
==1132052==    by 0x4C438DF: ??? (in /usr/lib/x86_64-linux-gnu/libcrypto.so.3)
==1132052==    by 0x4C442AB: RAND_get0_primary (in /usr/lib/x86_64-linux-gnu/libcrypto.so.3)
==1132052==    by 0x4C449FF: RAND_get0_private (in /usr/lib/x86_64-linux-gnu/libcrypto.so.3)
==1132052==    by 0x4C5ABA8: ??? (in /usr/lib/x86_64-linux-gnu/libcrypto.so.3)
==1132052==    by 0x4D07CBC: ??? (in /usr/lib/x86_64-linux-gnu/libcrypto.so.3)
==1132052==    by 0x4B3DE27: ??? (in /usr/lib/x86_64-linux-gnu/libcrypto.so.3)
==1132052==    by 0x4B495F9: EVP_PKEY_generate (in /usr/lib/x86_64-linux-gnu/libcrypto.so.3)
==1132052== 
==1132052== 184 bytes in 1 blocks are still reachable in loss record 25 of 42
==1132052==    at 0x4846828: malloc (in /usr/libexec/valgrind/vgpreload_memcheck-amd64-linux.so)
==1132052==    by 0x4B5D7C4: CRYPTO_zalloc (in /usr/lib/x86_64-linux-gnu/libcrypto.so.3)
==1132052==    by 0x4D0C24C: ??? (in /usr/lib/x86_64-linux-gnu/libcrypto.so.3)
==1132052==    by 0x4D0C3AA: ??? (in /usr/lib/x86_64-linux-gnu/libcrypto.so.3)
==1132052==    by 0x4B39EDC: EVP_RAND_instantiate (in /usr/lib/x86_64-linux-gnu/libcrypto.so.3)
==1132052==    by 0x4C438DF: ??? (in /usr/lib/x86_64-linux-gnu/libcrypto.so.3)
==1132052==    by 0x4C442AB: RAND_get0_primary (in /usr/lib/x86_64-linux-gnu/libcrypto.so.3)
==1132052==    by 0x4C449FF: RAND_get0_private (in /usr/lib/x86_64-linux-gnu/libcrypto.so.3)
==1132052==    by 0x4C5ABA8: ??? (in /usr/lib/x86_64-linux-gnu/libcrypto.so.3)
==1132052==    by 0x4D07CBC: ??? (in /usr/lib/x86_64-linux-gnu/libcrypto.so.3)
==1132052==    by 0x4B3DE27: ??? (in /usr/lib/x86_64-linux-gnu/libcrypto.so.3)
==1132052==    by 0x4B495F9: EVP_PKEY_generate (in /usr/lib/x86_64-linux-gnu/libcrypto.so.3)
==1132052== 
==1132052== 184 bytes in 1 blocks are still reachable in loss record 26 of 42
==1132052==    at 0x4846828: malloc (in /usr/libexec/valgrind/vgpreload_memcheck-amd64-linux.so)
==1132052==    by 0x4B5D7C4: CRYPTO_zalloc (in /usr/lib/x86_64-linux-gnu/libcrypto.so.3)
==1132052==    by 0x4D0C2E3: ??? (in /usr/lib/x86_64-linux-gnu/libcrypto.so.3)
==1132052==    by 0x4D0C3AA: ??? (in /usr/lib/x86_64-linux-gnu/libcrypto.so.3)
==1132052==    by 0x4B39EDC: EVP_RAND_instantiate (in /usr/lib/x86_64-linux-gnu/libcrypto.so.3)
==1132052==    by 0x4C438DF: ??? (in /usr/lib/x86_64-linux-gnu/libcrypto.so.3)
==1132052==    by 0x4C442AB: RAND_get0_primary (in /usr/lib/x86_64-linux-gnu/libcrypto.so.3)
==1132052==    by 0x4C449FF: RAND_get0_private (in /usr/lib/x86_64-linux-gnu/libcrypto.so.3)
==1132052==    by 0x4C5ABA8: ??? (in /usr/lib/x86_64-linux-gnu/libcrypto.so.3)
==1132052==    by 0x4D07CBC: ??? (in /usr/lib/x86_64-linux-gnu/libcrypto.so.3)
==1132052==    by 0x4B3DE27: ??? (in /usr/lib/x86_64-linux-gnu/libcrypto.so.3)
==1132052==    by 0x4B495F9: EVP_PKEY_generate (in /usr/lib/x86_64-linux-gnu/libcrypto.so.3)
==1132052== 
==1132052== 184 bytes in 1 blocks are still reachable in loss record 27 of 42
==1132052==    at 0x4846828: malloc (in /usr/libexec/valgrind/vgpreload_memcheck-amd64-linux.so)
==1132052==    by 0x4B5D7C4: CRYPTO_zalloc (in /usr/lib/x86_64-linux-gnu/libcrypto.so.3)
==1132052==    by 0x4D0C1F4: ??? (in /usr/lib/x86_64-linux-gnu/libcrypto.so.3)
==1132052==    by 0x4D0C3AA: ??? (in /usr/lib/x86_64-linux-gnu/libcrypto.so.3)
==1132052==    by 0x4B39EDC: EVP_RAND_instantiate (in /usr/lib/x86_64-linux-gnu/libcrypto.so.3)
==1132052==    by 0x4C438DF: ??? (in /usr/lib/x86_64-linux-gnu/libcrypto.so.3)
==1132052==    by 0x4C44805: RAND_get0_public (in /usr/lib/x86_64-linux-gnu/libcrypto.so.3)
==1132052==    by 0x4C44897: RAND_bytes_ex (in /usr/lib/x86_64-linux-gnu/libcrypto.so.3)
==1132052==    by 0x4C5512A: ??? (in /usr/lib/x86_64-linux-gnu/libcrypto.so.3)
==1132052==    by 0x4C53627: ??? (in /usr/lib/x86_64-linux-gnu/libcrypto.so.3)
==1132052==    by 0x4CCBDD4: ??? (in /usr/lib/x86_64-linux-gnu/libcrypto.so.3)
==1132052==    by 0x11EA29: Encrypt::encryptDataRSA(evp_pkey_st*, std::__cxx11::basic_string<char, std::char_traits<char>, std::allocator<char> > const&) (encryption.hpp:138)
==1132052== 
==1132052== 184 bytes in 1 blocks are still reachable in loss record 28 of 42
==1132052==    at 0x4846828: malloc (in /usr/libexec/valgrind/vgpreload_memcheck-amd64-linux.so)
==1132052==    by 0x4B5D7C4: CRYPTO_zalloc (in /usr/lib/x86_64-linux-gnu/libcrypto.so.3)
==1132052==    by 0x4D0C24C: ??? (in /usr/lib/x86_64-linux-gnu/libcrypto.so.3)
==1132052==    by 0x4D0C3AA: ??? (in /usr/lib/x86_64-linux-gnu/libcrypto.so.3)
==1132052==    by 0x4B39EDC: EVP_RAND_instantiate (in /usr/lib/x86_64-linux-gnu/libcrypto.so.3)
==1132052==    by 0x4C438DF: ??? (in /usr/lib/x86_64-linux-gnu/libcrypto.so.3)
==1132052==    by 0x4C44805: RAND_get0_public (in /usr/lib/x86_64-linux-gnu/libcrypto.so.3)
==1132052==    by 0x4C44897: RAND_bytes_ex (in /usr/lib/x86_64-linux-gnu/libcrypto.so.3)
==1132052==    by 0x4C5512A: ??? (in /usr/lib/x86_64-linux-gnu/libcrypto.so.3)
==1132052==    by 0x4C53627: ??? (in /usr/lib/x86_64-linux-gnu/libcrypto.so.3)
==1132052==    by 0x4CCBDD4: ??? (in /usr/lib/x86_64-linux-gnu/libcrypto.so.3)
==1132052==    by 0x11EA29: Encrypt::encryptDataRSA(evp_pkey_st*, std::__cxx11::basic_string<char, std::char_traits<char>, std::allocator<char> > const&) (encryption.hpp:138)
==1132052== 
==1132052== 184 bytes in 1 blocks are still reachable in loss record 29 of 42
==1132052==    at 0x4846828: malloc (in /usr/libexec/valgrind/vgpreload_memcheck-amd64-linux.so)
==1132052==    by 0x4B5D7C4: CRYPTO_zalloc (in /usr/lib/x86_64-linux-gnu/libcrypto.so.3)
==1132052==    by 0x4D0C2E3: ??? (in /usr/lib/x86_64-linux-gnu/libcrypto.so.3)
==1132052==    by 0x4D0C3AA: ??? (in /usr/lib/x86_64-linux-gnu/libcrypto.so.3)
==1132052==    by 0x4B39EDC: EVP_RAND_instantiate (in /usr/lib/x86_64-linux-gnu/libcrypto.so.3)
==1132052==    by 0x4C438DF: ??? (in /usr/lib/x86_64-linux-gnu/libcrypto.so.3)
==1132052==    by 0x4C44805: RAND_get0_public (in /usr/lib/x86_64-linux-gnu/libcrypto.so.3)
==1132052==    by 0x4C44897: RAND_bytes_ex (in /usr/lib/x86_64-linux-gnu/libcrypto.so.3)
==1132052==    by 0x4C5512A: ??? (in /usr/lib/x86_64-linux-gnu/libcrypto.so.3)
==1132052==    by 0x4C53627: ??? (in /usr/lib/x86_64-linux-gnu/libcrypto.so.3)
==1132052==    by 0x4CCBDD4: ??? (in /usr/lib/x86_64-linux-gnu/libcrypto.so.3)
==1132052==    by 0x11EA29: Encrypt::encryptDataRSA(evp_pkey_st*, std::__cxx11::basic_string<char, std::char_traits<char>, std::allocator<char> > const&) (encryption.hpp:138)
==1132052== 
==1132052== 224 bytes in 1 blocks are still reachable in loss record 30 of 42
==1132052==    at 0x4846828: malloc (in /usr/libexec/valgrind/vgpreload_memcheck-amd64-linux.so)
==1132052==    by 0x4B5D7C4: CRYPTO_zalloc (in /usr/lib/x86_64-linux-gnu/libcrypto.so.3)
==1132052==    by 0x4B686C2: ??? (in /usr/lib/x86_64-linux-gnu/libcrypto.so.3)
==1132052==    by 0x4B68CA3: ??? (in /usr/lib/x86_64-linux-gnu/libcrypto.so.3)
==1132052==    by 0x4B68D94: ??? (in /usr/lib/x86_64-linux-gnu/libcrypto.so.3)
==1132052==    by 0x4B59337: ??? (in /usr/lib/x86_64-linux-gnu/libcrypto.so.3)
==1132052==    by 0x4B596D8: ??? (in /usr/lib/x86_64-linux-gnu/libcrypto.so.3)
==1132052==    by 0x4B34804: ??? (in /usr/lib/x86_64-linux-gnu/libcrypto.so.3)
==1132052==    by 0x4B34AE3: ??? (in /usr/lib/x86_64-linux-gnu/libcrypto.so.3)
==1132052==    by 0x4B3E78F: EVP_KEYMGMT_fetch (in /usr/lib/x86_64-linux-gnu/libcrypto.so.3)
==1132052==    by 0x4B4A9FF: ??? (in /usr/lib/x86_64-linux-gnu/libcrypto.so.3)
==1132052==    by 0x1279EB: GenerateKeys::generateCertAndPrivateKey(std::__cxx11::basic_string<char, std::char_traits<char>, std::allocator<char> > const&, std::__cxx11::basic_string<char, std::char_traits<char>, std::allocator<char> > const&) (keys.hpp:36)
==1132052== 
==1132052== 296 bytes in 1 blocks are still reachable in loss record 31 of 42
==1132052==    at 0x4846828: malloc (in /usr/libexec/valgrind/vgpreload_memcheck-amd64-linux.so)
==1132052==    by 0x4B5D7C4: CRYPTO_zalloc (in /usr/lib/x86_64-linux-gnu/libcrypto.so.3)
==1132052==    by 0x4D1A1C7: ??? (in /usr/lib/x86_64-linux-gnu/libcrypto.so.3)
==1132052==    by 0x4D0BD11: ??? (in /usr/lib/x86_64-linux-gnu/libcrypto.so.3)
==1132052==    by 0x4B39A15: EVP_RAND_CTX_new (in /usr/lib/x86_64-linux-gnu/libcrypto.so.3)
==1132052==    by 0x4C436E6: ??? (in /usr/lib/x86_64-linux-gnu/libcrypto.so.3)
==1132052==    by 0x4C442AB: RAND_get0_primary (in /usr/lib/x86_64-linux-gnu/libcrypto.so.3)
==1132052==    by 0x4C449FF: RAND_get0_private (in /usr/lib/x86_64-linux-gnu/libcrypto.so.3)
==1132052==    by 0x4C5ABA8: ??? (in /usr/lib/x86_64-linux-gnu/libcrypto.so.3)
==1132052==    by 0x4D07CBC: ??? (in /usr/lib/x86_64-linux-gnu/libcrypto.so.3)
==1132052==    by 0x4B3DE27: ??? (in /usr/lib/x86_64-linux-gnu/libcrypto.so.3)
==1132052==    by 0x4B495F9: EVP_PKEY_generate (in /usr/lib/x86_64-linux-gnu/libcrypto.so.3)
==1132052== 
==1132052== 296 bytes in 1 blocks are still reachable in loss record 32 of 42
==1132052==    at 0x4846828: malloc (in /usr/libexec/valgrind/vgpreload_memcheck-amd64-linux.so)
==1132052==    by 0x4B5D7C4: CRYPTO_zalloc (in /usr/lib/x86_64-linux-gnu/libcrypto.so.3)
==1132052==    by 0x4D1A1C7: ??? (in /usr/lib/x86_64-linux-gnu/libcrypto.so.3)
==1132052==    by 0x4D0BD11: ??? (in /usr/lib/x86_64-linux-gnu/libcrypto.so.3)
==1132052==    by 0x4B39A15: EVP_RAND_CTX_new (in /usr/lib/x86_64-linux-gnu/libcrypto.so.3)
==1132052==    by 0x4C436E6: ??? (in /usr/lib/x86_64-linux-gnu/libcrypto.so.3)
==1132052==    by 0x4C44805: RAND_get0_public (in /usr/lib/x86_64-linux-gnu/libcrypto.so.3)
==1132052==    by 0x4C44897: RAND_bytes_ex (in /usr/lib/x86_64-linux-gnu/libcrypto.so.3)
==1132052==    by 0x4C5512A: ??? (in /usr/lib/x86_64-linux-gnu/libcrypto.so.3)
==1132052==    by 0x4C53627: ??? (in /usr/lib/x86_64-linux-gnu/libcrypto.so.3)
==1132052==    by 0x4CCBDD4: ??? (in /usr/lib/x86_64-linux-gnu/libcrypto.so.3)
==1132052==    by 0x11EA29: Encrypt::encryptDataRSA(evp_pkey_st*, std::__cxx11::basic_string<char, std::char_traits<char>, std::allocator<char> > const&) (encryption.hpp:138)
==1132052== 
==1132052== 384 bytes in 2 blocks are still reachable in loss record 33 of 42
==1132052==    at 0x4846828: malloc (in /usr/libexec/valgrind/vgpreload_memcheck-amd64-linux.so)
==1132052==    by 0x4B5D7C4: CRYPTO_zalloc (in /usr/lib/x86_64-linux-gnu/libcrypto.so.3)
==1132052==    by 0x4B3920A: ??? (in /usr/lib/x86_64-linux-gnu/libcrypto.so.3)
==1132052==    by 0x4B33F4B: ??? (in /usr/lib/x86_64-linux-gnu/libcrypto.so.3)
==1132052==    by 0x4B594A8: ??? (in /usr/lib/x86_64-linux-gnu/libcrypto.so.3)
==1132052==    by 0x4B591BF: ??? (in /usr/lib/x86_64-linux-gnu/libcrypto.so.3)
==1132052==    by 0x4B68F96: ??? (in /usr/lib/x86_64-linux-gnu/libcrypto.so.3)
==1132052==    by 0x4B59337: ??? (in /usr/lib/x86_64-linux-gnu/libcrypto.so.3)
==1132052==    by 0x4B596D8: ??? (in /usr/lib/x86_64-linux-gnu/libcrypto.so.3)
==1132052==    by 0x4B346DC: ??? (in /usr/lib/x86_64-linux-gnu/libcrypto.so.3)
==1132052==    by 0x4B34AE3: ??? (in /usr/lib/x86_64-linux-gnu/libcrypto.so.3)
==1132052==    by 0x4B397C1: EVP_RAND_fetch (in /usr/lib/x86_64-linux-gnu/libcrypto.so.3)
==1132052== 
==1132052== 448 bytes in 1 blocks are still reachable in loss record 34 of 42
==1132052==    at 0x4846828: malloc (in /usr/libexec/valgrind/vgpreload_memcheck-amd64-linux.so)
==1132052==    by 0x4B5D7C4: CRYPTO_zalloc (in /usr/lib/x86_64-linux-gnu/libcrypto.so.3)
==1132052==    by 0x4CCC94E: ??? (in /usr/lib/x86_64-linux-gnu/libcrypto.so.3)
==1132052==    by 0x4B335B4: ??? (in /usr/lib/x86_64-linux-gnu/libcrypto.so.3)
==1132052==    by 0x4B33902: EVP_CipherInit_ex (in /usr/lib/x86_64-linux-gnu/libcrypto.so.3)
==1132052==    by 0x4D0BFFC: ??? (in /usr/lib/x86_64-linux-gnu/libcrypto.so.3)
==1132052==    by 0x4D0C3AA: ??? (in /usr/lib/x86_64-linux-gnu/libcrypto.so.3)
==1132052==    by 0x4B39EDC: EVP_RAND_instantiate (in /usr/lib/x86_64-linux-gnu/libcrypto.so.3)
==1132052==    by 0x4C438DF: ??? (in /usr/lib/x86_64-linux-gnu/libcrypto.so.3)
==1132052==    by 0x4C442AB: RAND_get0_primary (in /usr/lib/x86_64-linux-gnu/libcrypto.so.3)
==1132052==    by 0x4C449FF: RAND_get0_private (in /usr/lib/x86_64-linux-gnu/libcrypto.so.3)
==1132052==    by 0x4C5ABA8: ??? (in /usr/lib/x86_64-linux-gnu/libcrypto.so.3)
==1132052== 
==1132052== 448 bytes in 1 blocks are still reachable in loss record 35 of 42
==1132052==    at 0x4846828: malloc (in /usr/libexec/valgrind/vgpreload_memcheck-amd64-linux.so)
==1132052==    by 0x4B5D7C4: CRYPTO_zalloc (in /usr/lib/x86_64-linux-gnu/libcrypto.so.3)
==1132052==    by 0x4CCD24E: ??? (in /usr/lib/x86_64-linux-gnu/libcrypto.so.3)
==1132052==    by 0x4B335B4: ??? (in /usr/lib/x86_64-linux-gnu/libcrypto.so.3)
==1132052==    by 0x4B33902: EVP_CipherInit_ex (in /usr/lib/x86_64-linux-gnu/libcrypto.so.3)
==1132052==    by 0x4D0C01E: ??? (in /usr/lib/x86_64-linux-gnu/libcrypto.so.3)
==1132052==    by 0x4D0C3AA: ??? (in /usr/lib/x86_64-linux-gnu/libcrypto.so.3)
==1132052==    by 0x4B39EDC: EVP_RAND_instantiate (in /usr/lib/x86_64-linux-gnu/libcrypto.so.3)
==1132052==    by 0x4C438DF: ??? (in /usr/lib/x86_64-linux-gnu/libcrypto.so.3)
==1132052==    by 0x4C442AB: RAND_get0_primary (in /usr/lib/x86_64-linux-gnu/libcrypto.so.3)
==1132052==    by 0x4C449FF: RAND_get0_private (in /usr/lib/x86_64-linux-gnu/libcrypto.so.3)
==1132052==    by 0x4C5ABA8: ??? (in /usr/lib/x86_64-linux-gnu/libcrypto.so.3)
==1132052== 
==1132052== 448 bytes in 1 blocks are still reachable in loss record 36 of 42
==1132052==    at 0x4846828: malloc (in /usr/libexec/valgrind/vgpreload_memcheck-amd64-linux.so)
==1132052==    by 0x4B5D7C4: CRYPTO_zalloc (in /usr/lib/x86_64-linux-gnu/libcrypto.so.3)
==1132052==    by 0x4CCC94E: ??? (in /usr/lib/x86_64-linux-gnu/libcrypto.so.3)
==1132052==    by 0x4B335B4: ??? (in /usr/lib/x86_64-linux-gnu/libcrypto.so.3)
==1132052==    by 0x4B33902: EVP_CipherInit_ex (in /usr/lib/x86_64-linux-gnu/libcrypto.so.3)
==1132052==    by 0x4D0C06E: ??? (in /usr/lib/x86_64-linux-gnu/libcrypto.so.3)
==1132052==    by 0x4D0C3AA: ??? (in /usr/lib/x86_64-linux-gnu/libcrypto.so.3)
==1132052==    by 0x4B39EDC: EVP_RAND_instantiate (in /usr/lib/x86_64-linux-gnu/libcrypto.so.3)
==1132052==    by 0x4C438DF: ??? (in /usr/lib/x86_64-linux-gnu/libcrypto.so.3)
==1132052==    by 0x4C442AB: RAND_get0_primary (in /usr/lib/x86_64-linux-gnu/libcrypto.so.3)
==1132052==    by 0x4C449FF: RAND_get0_private (in /usr/lib/x86_64-linux-gnu/libcrypto.so.3)
==1132052==    by 0x4C5ABA8: ??? (in /usr/lib/x86_64-linux-gnu/libcrypto.so.3)
==1132052== 
==1132052== 448 bytes in 1 blocks are still reachable in loss record 37 of 42
==1132052==    at 0x4846828: malloc (in /usr/libexec/valgrind/vgpreload_memcheck-amd64-linux.so)
==1132052==    by 0x4B5D7C4: CRYPTO_zalloc (in /usr/lib/x86_64-linux-gnu/libcrypto.so.3)
==1132052==    by 0x4CCC94E: ??? (in /usr/lib/x86_64-linux-gnu/libcrypto.so.3)
==1132052==    by 0x4B335B4: ??? (in /usr/lib/x86_64-linux-gnu/libcrypto.so.3)
==1132052==    by 0x4B33902: EVP_CipherInit_ex (in /usr/lib/x86_64-linux-gnu/libcrypto.so.3)
==1132052==    by 0x4D0BFFC: ??? (in /usr/lib/x86_64-linux-gnu/libcrypto.so.3)
==1132052==    by 0x4D0C3AA: ??? (in /usr/lib/x86_64-linux-gnu/libcrypto.so.3)
==1132052==    by 0x4B39EDC: EVP_RAND_instantiate (in /usr/lib/x86_64-linux-gnu/libcrypto.so.3)
==1132052==    by 0x4C438DF: ??? (in /usr/lib/x86_64-linux-gnu/libcrypto.so.3)
==1132052==    by 0x4C44805: RAND_get0_public (in /usr/lib/x86_64-linux-gnu/libcrypto.so.3)
==1132052==    by 0x4C44897: RAND_bytes_ex (in /usr/lib/x86_64-linux-gnu/libcrypto.so.3)
==1132052==    by 0x4C5512A: ??? (in /usr/lib/x86_64-linux-gnu/libcrypto.so.3)
==1132052== 
==1132052== 448 bytes in 1 blocks are still reachable in loss record 38 of 42
==1132052==    at 0x4846828: malloc (in /usr/libexec/valgrind/vgpreload_memcheck-amd64-linux.so)
==1132052==    by 0x4B5D7C4: CRYPTO_zalloc (in /usr/lib/x86_64-linux-gnu/libcrypto.so.3)
==1132052==    by 0x4CCD24E: ??? (in /usr/lib/x86_64-linux-gnu/libcrypto.so.3)
==1132052==    by 0x4B335B4: ??? (in /usr/lib/x86_64-linux-gnu/libcrypto.so.3)
==1132052==    by 0x4B33902: EVP_CipherInit_ex (in /usr/lib/x86_64-linux-gnu/libcrypto.so.3)
==1132052==    by 0x4D0C01E: ??? (in /usr/lib/x86_64-linux-gnu/libcrypto.so.3)
==1132052==    by 0x4D0C3AA: ??? (in /usr/lib/x86_64-linux-gnu/libcrypto.so.3)
==1132052==    by 0x4B39EDC: EVP_RAND_instantiate (in /usr/lib/x86_64-linux-gnu/libcrypto.so.3)
==1132052==    by 0x4C438DF: ??? (in /usr/lib/x86_64-linux-gnu/libcrypto.so.3)
==1132052==    by 0x4C44805: RAND_get0_public (in /usr/lib/x86_64-linux-gnu/libcrypto.so.3)
==1132052==    by 0x4C44897: RAND_bytes_ex (in /usr/lib/x86_64-linux-gnu/libcrypto.so.3)
==1132052==    by 0x4C5512A: ??? (in /usr/lib/x86_64-linux-gnu/libcrypto.so.3)
==1132052== 
==1132052== 448 bytes in 1 blocks are still reachable in loss record 39 of 42
==1132052==    at 0x4846828: malloc (in /usr/libexec/valgrind/vgpreload_memcheck-amd64-linux.so)
==1132052==    by 0x4B5D7C4: CRYPTO_zalloc (in /usr/lib/x86_64-linux-gnu/libcrypto.so.3)
==1132052==    by 0x4CCC94E: ??? (in /usr/lib/x86_64-linux-gnu/libcrypto.so.3)
==1132052==    by 0x4B335B4: ??? (in /usr/lib/x86_64-linux-gnu/libcrypto.so.3)
==1132052==    by 0x4B33902: EVP_CipherInit_ex (in /usr/lib/x86_64-linux-gnu/libcrypto.so.3)
==1132052==    by 0x4D0C06E: ??? (in /usr/lib/x86_64-linux-gnu/libcrypto.so.3)
==1132052==    by 0x4D0C3AA: ??? (in /usr/lib/x86_64-linux-gnu/libcrypto.so.3)
==1132052==    by 0x4B39EDC: EVP_RAND_instantiate (in /usr/lib/x86_64-linux-gnu/libcrypto.so.3)
==1132052==    by 0x4C438DF: ??? (in /usr/lib/x86_64-linux-gnu/libcrypto.so.3)
==1132052==    by 0x4C44805: RAND_get0_public (in /usr/lib/x86_64-linux-gnu/libcrypto.so.3)
==1132052==    by 0x4C44897: RAND_bytes_ex (in /usr/lib/x86_64-linux-gnu/libcrypto.so.3)
==1132052==    by 0x4C5512A: ??? (in /usr/lib/x86_64-linux-gnu/libcrypto.so.3)
==1132052== 
==1132052== 512 bytes in 2 blocks are still reachable in loss record 40 of 42
==1132052==    at 0x4846828: malloc (in /usr/libexec/valgrind/vgpreload_memcheck-amd64-linux.so)
==1132052==    by 0x4B5D7C4: CRYPTO_zalloc (in /usr/lib/x86_64-linux-gnu/libcrypto.so.3)
==1132052==    by 0x4B32503: ??? (in /usr/lib/x86_64-linux-gnu/libcrypto.so.3)
==1132052==    by 0x4B33976: ??? (in /usr/lib/x86_64-linux-gnu/libcrypto.so.3)
==1132052==    by 0x4B33F4B: ??? (in /usr/lib/x86_64-linux-gnu/libcrypto.so.3)
==1132052==    by 0x4B594A8: ??? (in /usr/lib/x86_64-linux-gnu/libcrypto.so.3)
==1132052==    by 0x4B591BF: ??? (in /usr/lib/x86_64-linux-gnu/libcrypto.so.3)
==1132052==    by 0x4B68F96: ??? (in /usr/lib/x86_64-linux-gnu/libcrypto.so.3)
==1132052==    by 0x4B59337: ??? (in /usr/lib/x86_64-linux-gnu/libcrypto.so.3)
==1132052==    by 0x4B596D8: ??? (in /usr/lib/x86_64-linux-gnu/libcrypto.so.3)
==1132052==    by 0x4B346DC: ??? (in /usr/lib/x86_64-linux-gnu/libcrypto.so.3)
==1132052==    by 0x4B34AE3: ??? (in /usr/lib/x86_64-linux-gnu/libcrypto.so.3)
==1132052== 
==1132052== 608 bytes in 2 blocks are possibly lost in loss record 41 of 42
==1132052==    at 0x484D953: calloc (in /usr/libexec/valgrind/vgpreload_memcheck-amd64-linux.so)
==1132052==    by 0x40145AB: calloc (rtld-malloc.h:44)
==1132052==    by 0x40145AB: allocate_dtv (dl-tls.c:370)
==1132052==    by 0x40145AB: _dl_allocate_tls (dl-tls.c:629)
==1132052==    by 0x55BF606: allocate_stack (allocatestack.c:429)
==1132052==    by 0x55BF606: pthread_create@@GLIBC_2.34 (pthread_create.c:655)
==1132052==    by 0x5362EB0: std::thread::_M_start_thread(std::unique_ptr<std::thread::_State, std::default_delete<std::thread::_State> >, void (*)()) (in /usr/lib/x86_64-linux-gnu/libstdc++.so.6.0.33)
==1132052==    by 0x131EE4: std::thread::thread<void (&)(ssl_st*, int&), ssl_st*&, std::reference_wrapper<int>, void>(void (&)(ssl_st*, int&), ssl_st*&, std::reference_wrapper<int>&&) (std_thread.h:164)
==1132052==    by 0x11FB44: main (server.cpp:99)
==1132052== 
==1132052== 1,808 bytes in 2 blocks are still reachable in loss record 42 of 42
==1132052==    at 0x4846828: malloc (in /usr/libexec/valgrind/vgpreload_memcheck-amd64-linux.so)
==1132052==    by 0x4B5D7C4: CRYPTO_zalloc (in /usr/lib/x86_64-linux-gnu/libcrypto.so.3)
==1132052==    by 0x4B0F93F: ??? (in /usr/lib/x86_64-linux-gnu/libcrypto.so.3)
==1132052==    by 0x4B1075C: ERR_set_mark (in /usr/lib/x86_64-linux-gnu/libcrypto.so.3)
==1132052==    by 0x48E8B09: ??? (in /usr/lib/x86_64-linux-gnu/libssl.so.3)
==1132052==    by 0x48E6D07: ??? (in /usr/lib/x86_64-linux-gnu/libssl.so.3)
==1132052==    by 0x48BA252: ??? (in /usr/lib/x86_64-linux-gnu/libssl.so.3)
==1132052==    by 0x48C65DA: SSL_read (in /usr/lib/x86_64-linux-gnu/libssl.so.3)
==1132052==    by 0x121807: std::__cxx11::basic_string<char, std::char_traits<char>, std::allocator<char> > Receive::receiveMessage<StringLiteral<11ul>{std::array<char, 11ul>{char [11]{(char)115, (char)101, (char)114, (char)118, (char)101, (char)114, (char)46, (char)99, (char)112, (char)112}}}, 25>(ssl_st*) (send_receive.hpp:144)
==1132052==    by 0x11F356: handleClient(ssl_st*, int&) (server.cpp:25)
==1132052==    by 0x139F89: void std::__invoke_impl<void, void (*)(ssl_st*, int&), ssl_st*, std::reference_wrapper<int> >(std::__invoke_other, void (*&&)(ssl_st*, int&), ssl_st*&&, std::reference_wrapper<int>&&) (invoke.h:61)
==1132052==    by 0x139EBB: std::__invoke_result<void (*)(ssl_st*, int&), ssl_st*, std::reference_wrapper<int> >::type std::__invoke<void (*)(ssl_st*, int&), ssl_st*, std::reference_wrapper<int> >(void (*&&)(ssl_st*, int&), ssl_st*&&, std::reference_wrapper<int>&&) (invoke.h:96)
==1132052== 
==1132052== LEAK SUMMARY:
==1132052==    definitely lost: 0 bytes in 0 blocks
==1132052==    indirectly lost: 0 bytes in 0 blocks
==1132052==      possibly lost: 608 bytes in 2 blocks
==1132052==    still reachable: 8,648 bytes in 49 blocks
==1132052==         suppressed: 0 bytes in 0 blocks
==1132052== 
==1132052== For lists of detected and suppressed errors, rerun with: -s
==1132052== ERROR SUMMARY: 1 errors from 1 contexts (suppressed: 0 from 0)
